# JRE version: OpenJDK Runtime Environment (21.0.10) (build 21.0.10+-14961533-b1163.108)
# Java VM: OpenJDK 64-Bit Server VM (21.0.10+-14961533-b1163.108, mixed mode, tiered, compressed oops, compressed class ptrs, g1 gc, windows-amd64)
GC Precious Log:
 CardTable entry size: 512
 Card Set container configuration: InlinePtr #cards 5 size 8 Array Of Cards #cards 12 size 40 Howl #buckets 4 coarsen threshold 1843 Howl Bitmap #cards 512 size 80 coarsen threshold 460 Card regions per heap region 1 cards per card region 2048
 CPUs: 8 total, 8 available
 Memory: 7914M
 Large Page Support: Disabled
 NUMA Support: Disabled
 Compressed Oops: Enabled (32-bit)
 Heap Region Size: 1M
 Heap Min Capacity: 8M
 Heap Initial Capacity: 124M
 Heap Max Capacity: 2G
 Pre-touch: Disabled
 Parallel Workers: 8
 Concurrent Workers: 2
 Concurrent Refinement Workers: 8
 Periodic GC: Disabled
Heap:
 garbage-first heap   total 314368K, used 257272K [0x0000000080000000, 0x0000000100000000)
  region size 1024K, 111 young (113664K), 8 survivors (8192K)
 Metaspace       used 133879K, committed 138304K, reserved 1179648K
  class space    used 18291K, committed 20096K, reserved 1048576K
GC Heap History (20 events):
Event: 65.969 GC heap before
{Heap before GC invocations=41 (full 0):
 garbage-first heap   total 314368K, used 290241K [0x0000000080000000, 0x0000000100000000)
  region size 1024K, 139 young (142336K), 5 survivors (5120K)
 Metaspace       used 135655K, committed 138240K, reserved 1179648K
  class space    used 18839K, committed 20096K, reserved 1048576K
}
Event: 65.990 GC heap after
{Heap after GC invocations=42 (full 0):
 garbage-first heap   total 314368K, used 160842K [0x0000000080000000, 0x0000000100000000)
  region size 1024K, 12 young (12288K), 12 survivors (12288K)
 Metaspace       used 135655K, committed 138240K, reserved 1179648K
  class space    used 18839K, committed 20096K, reserved 1048576K
}
Event: 385.396 GC heap before
{Heap before GC invocations=42 (full 0):
 garbage-first heap   total 314368K, used 289866K [0x0000000080000000, 0x0000000100000000)
  region size 1024K, 138 young (141312K), 12 survivors (12288K)
 Metaspace       used 135765K, committed 138304K, reserved 1179648K
  class space    used 18839K, committed 20096K, reserved 1048576K
}
Event: 385.602 GC heap after
{Heap after GC invocations=43 (full 0):
 garbage-first heap   total 314368K, used 159509K [0x0000000080000000, 0x0000000100000000)
  region size 1024K, 10 young (10240K), 10 survivors (10240K)
 Metaspace       used 135765K, committed 138304K, reserved 1179648K
  class space    used 18839K, committed 20096K, reserved 1048576K
}
Event: 716.972 GC heap before
{Heap before GC invocations=43 (full 0):
 garbage-first heap   total 314368K, used 293653K [0x0000000080000000, 0x0000000100000000)
  region size 1024K, 141 young (144384K), 10 survivors (10240K)
 Metaspace       used 135791K, committed 138304K, reserved 1179648K
  class space    used 18839K, committed 20096K, reserved 1048576K
}
Event: 717.031 GC heap after
{Heap after GC invocations=44 (full 0):
 garbage-first heap   total 314368K, used 158860K [0x0000000080000000, 0x0000000100000000)
  region size 1024K, 9 young (9216K), 9 survivors (9216K)
 Metaspace       used 135791K, committed 138304K, reserved 1179648K
  class space    used 18839K, committed 20096K, reserved 1048576K
}
Event: 1065.374 GC heap before
{Heap before GC invocations=45 (full 0):
 garbage-first heap   total 314368K, used 297100K [0x0000000080000000, 0x0000000100000000)
  region size 1024K, 144 young (147456K), 9 survivors (9216K)
 Metaspace       used 135799K, committed 138304K, reserved 1179648K
  class space    used 18839K, committed 20096K, reserved 1048576K
}
Event: 1065.500 GC heap after
{Heap after GC invocations=46 (full 0):
 garbage-first heap   total 314368K, used 159225K [0x0000000080000000, 0x0000000100000000)
  region size 1024K, 9 young (9216K), 9 survivors (9216K)
 Metaspace       used 135799K, committed 138304K, reserved 1179648K
  class space    used 18839K, committed 20096K, reserved 1048576K
}
Event: 2193.847 GC heap before
{Heap before GC invocations=46 (full 0):
 garbage-first heap   total 314368K, used 297465K [0x0000000080000000, 0x0000000100000000)
  region size 1024K, 144 young (147456K), 9 survivors (9216K)
 Metaspace       used 135828K, committed 138368K, reserved 1179648K
  class space    used 18839K, committed 20096K, reserved 1048576K
}
Event: 2193.997 GC heap after
{Heap after GC invocations=47 (full 0):
 garbage-first heap   total 314368K, used 157390K [0x0000000080000000, 0x0000000100000000)
  region size 1024K, 9 young (9216K), 9 survivors (9216K)
 Metaspace       used 135828K, committed 138368K, reserved 1179648K
  class space    used 18839K, committed 20096K, reserved 1048576K
}
Event: 2195.022 GC heap before
{Heap before GC invocations=47 (full 0):
 garbage-first heap   total 314368K, used 296654K [0x0000000080000000, 0x0000000100000000)
  region size 1024K, 145 young (148480K), 9 survivors (9216K)
 Metaspace       used 135828K, committed 138368K, reserved 1179648K
  class space    used 18839K, committed 20096K, reserved 1048576K
}
Event: 2195.176 GC heap after
{Heap after GC invocations=48 (full 0):
 garbage-first heap   total 314368K, used 155339K [0x0000000080000000, 0x0000000100000000)
  region size 1024K, 7 young (7168K), 7 survivors (7168K)
 Metaspace       used 135828K, committed 138368K, reserved 1179648K
  class space    used 18839K, committed 20096K, reserved 1048576K
}
Event: 2197.044 GC heap before
{Heap before GC invocations=49 (full 0):
 garbage-first heap   total 314368K, used 296651K [0x0000000080000000, 0x0000000100000000)
  region size 1024K, 145 young (148480K), 7 survivors (7168K)
 Metaspace       used 132196K, committed 138304K, reserved 1179648K
  class space    used 17958K, committed 20096K, reserved 1048576K
}
Event: 2197.050 GC heap after
{Heap after GC invocations=50 (full 0):
 garbage-first heap   total 314368K, used 154758K [0x0000000080000000, 0x0000000100000000)
  region size 1024K, 6 young (6144K), 6 survivors (6144K)
 Metaspace       used 132196K, committed 138304K, reserved 1179648K
  class space    used 17958K, committed 20096K, reserved 1048576K
}
Event: 2465.393 GC heap before
{Heap before GC invocations=50 (full 0):
 garbage-first heap   total 314368K, used 297094K [0x0000000080000000, 0x0000000100000000)
  region size 1024K, 145 young (148480K), 6 survivors (6144K)
 Metaspace       used 132198K, committed 138304K, reserved 1179648K
  class space    used 17958K, committed 20096K, reserved 1048576K
}
Event: 2465.599 GC heap after
{Heap after GC invocations=51 (full 0):
 garbage-first heap   total 314368K, used 151254K [0x0000000080000000, 0x0000000100000000)
  region size 1024K, 7 young (7168K), 7 survivors (7168K)
 Metaspace       used 132198K, committed 138304K, reserved 1179648K
  class space    used 17958K, committed 20096K, reserved 1048576K
}
Event: 2825.405 GC heap before
{Heap before GC invocations=51 (full 0):
 garbage-first heap   total 314368K, used 296662K [0x0000000080000000, 0x0000000100000000)
  region size 1024K, 149 young (152576K), 7 survivors (7168K)
 Metaspace       used 132234K, committed 138304K, reserved 1179648K
  class space    used 17958K, committed 20096K, reserved 1048576K
}
Event: 2825.517 GC heap after
{Heap after GC invocations=52 (full 0):
 garbage-first heap   total 314368K, used 151670K [0x0000000080000000, 0x0000000100000000)
  region size 1024K, 7 young (7168K), 7 survivors (7168K)
 Metaspace       used 132234K, committed 138304K, reserved 1179648K
  class space    used 17958K, committed 20096K, reserved 1048576K
}
Event: 3124.680 GC heap before
{Heap before GC invocations=53 (full 0):
 garbage-first heap   total 314368K, used 297078K [0x0000000080000000, 0x0000000100000000)
  region size 1024K, 149 young (152576K), 7 survivors (7168K)
 Metaspace       used 133110K, committed 138304K, reserved 1179648K
  class space    used 18162K, committed 20096K, reserved 1048576K
}
Event: 3124.805 GC heap after
{Heap after GC invocations=54 (full 0):
 garbage-first heap   total 314368K, used 152824K [0x0000000080000000, 0x0000000100000000)
  region size 1024K, 8 young (8192K), 8 survivors (8192K)
 Metaspace       used 133110K, committed 138304K, reserved 1179648K
  class space    used 18162K, committed 20096K, reserved 1048576K
}

