# JRE version: OpenJDK Runtime Environment (21.0.10) (build 21.0.10+-14961533-b1163.108)
# Java VM: OpenJDK 64-Bit Server VM (21.0.10+-14961533-b1163.108, mixed mode, tiered, compressed oops, compressed class ptrs, g1 gc, windows-amd64)
GC Precious Log:
 CardTable entry size: 512
 Card Set container configuration: InlinePtr #cards 5 size 8 Array Of Cards #cards 12 size 40 Howl #buckets 4 coarsen threshold 1843 Howl Bitmap #cards 512 size 80 coarsen threshold 460 Card regions per heap region 1 cards per card region 2048
 CPUs: 8 total, 8 available
 Memory: 7914M
 Large Page Support: Disabled
 NUMA Support: Disabled
 Compressed Oops: Enabled (32-bit)
 Heap Region Size: 1M
 Heap Min Capacity: 8M
 Heap Initial Capacity: 124M
 Heap Max Capacity: 2G
 Pre-touch: Disabled
 Parallel Workers: 8
 Concurrent Workers: 2
 Concurrent Refinement Workers: 8
 Periodic GC: Disabled
Heap:
 garbage-first heap   total 347136K, used 194861K [0x0000000080000000, 0x0000000100000000)
  region size 1024K, 8 young (8192K), 8 survivors (8192K)
 Metaspace       used 138786K, committed 141248K, reserved 1179648K
  class space    used 20116K, committed 21312K, reserved 1048576K
GC Heap History (20 events):
Event: 13.762 GC heap after
{Heap after GC invocations=45 (full 0):
 garbage-first heap   total 239616K, used 122142K [0x0000000080000000, 0x0000000100000000)
  region size 1024K, 7 young (7168K), 7 survivors (7168K)
 Metaspace       used 113904K, committed 116224K, reserved 1179648K
  class space    used 16244K, committed 17344K, reserved 1048576K
}
Event: 13.879 GC heap before
{Heap before GC invocations=45 (full 0):
 garbage-first heap   total 239616K, used 224542K [0x0000000080000000, 0x0000000100000000)
  region size 1024K, 108 young (110592K), 7 survivors (7168K)
 Metaspace       used 113941K, committed 116288K, reserved 1179648K
  class space    used 16251K, committed 17344K, reserved 1048576K
}
Event: 13.884 GC heap after
{Heap after GC invocations=46 (full 0):
 garbage-first heap   total 239616K, used 121140K [0x0000000080000000, 0x0000000100000000)
  region size 1024K, 8 young (8192K), 8 survivors (8192K)
 Metaspace       used 113941K, committed 116288K, reserved 1179648K
  class space    used 16251K, committed 17344K, reserved 1048576K
}
Event: 14.266 GC heap before
{Heap before GC invocations=46 (full 0):
 garbage-first heap   total 239616K, used 224564K [0x0000000080000000, 0x0000000100000000)
  region size 1024K, 110 young (112640K), 8 survivors (8192K)
 Metaspace       used 116067K, committed 118400K, reserved 1179648K
  class space    used 16534K, committed 17664K, reserved 1048576K
}
Event: 14.273 GC heap after
{Heap after GC invocations=47 (full 0):
 garbage-first heap   total 301056K, used 124621K [0x0000000080000000, 0x0000000100000000)
  region size 1024K, 11 young (11264K), 11 survivors (11264K)
 Metaspace       used 116067K, committed 118400K, reserved 1179648K
  class space    used 16534K, committed 17664K, reserved 1048576K
}
Event: 14.994 GC heap before
{Heap before GC invocations=48 (full 0):
 garbage-first heap   total 301056K, used 279245K [0x0000000080000000, 0x0000000100000000)
  region size 1024K, 163 young (166912K), 11 survivors (11264K)
 Metaspace       used 117149K, committed 119552K, reserved 1179648K
  class space    used 16716K, committed 17856K, reserved 1048576K
}
Event: 15.002 GC heap after
{Heap after GC invocations=49 (full 0):
 garbage-first heap   total 301056K, used 126132K [0x0000000080000000, 0x0000000100000000)
  region size 1024K, 13 young (13312K), 13 survivors (13312K)
 Metaspace       used 117149K, committed 119552K, reserved 1179648K
  class space    used 16716K, committed 17856K, reserved 1048576K
}
Event: 15.178 GC heap before
{Heap before GC invocations=49 (full 0):
 garbage-first heap   total 301056K, used 280756K [0x0000000080000000, 0x0000000100000000)
  region size 1024K, 165 young (168960K), 13 survivors (13312K)
 Metaspace       used 117150K, committed 119552K, reserved 1179648K
  class space    used 16716K, committed 17856K, reserved 1048576K
}
Event: 15.187 GC heap after
{Heap after GC invocations=50 (full 0):
 garbage-first heap   total 301056K, used 125235K [0x0000000080000000, 0x0000000100000000)
  region size 1024K, 11 young (11264K), 11 survivors (11264K)
 Metaspace       used 117150K, committed 119552K, reserved 1179648K
  class space    used 16716K, committed 17856K, reserved 1048576K
}
Event: 16.137 GC heap before
{Heap before GC invocations=50 (full 0):
 garbage-first heap   total 301056K, used 282931K [0x0000000080000000, 0x0000000100000000)
  region size 1024K, 166 young (169984K), 11 survivors (11264K)
 Metaspace       used 123422K, committed 125824K, reserved 1179648K
  class space    used 17669K, committed 18816K, reserved 1048576K
}
Event: 16.152 GC heap after
{Heap after GC invocations=51 (full 0):
 garbage-first heap   total 311296K, used 141058K [0x0000000080000000, 0x0000000100000000)
  region size 1024K, 21 young (21504K), 21 survivors (21504K)
 Metaspace       used 123422K, committed 125824K, reserved 1179648K
  class space    used 17669K, committed 18816K, reserved 1048576K
}
Event: 16.867 GC heap before
{Heap before GC invocations=52 (full 0):
 garbage-first heap   total 311296K, used 286466K [0x0000000080000000, 0x0000000100000000)
  region size 1024K, 164 young (167936K), 21 survivors (21504K)
 Metaspace       used 127984K, committed 130304K, reserved 1179648K
  class space    used 18353K, committed 19456K, reserved 1048576K
}
Event: 16.892 GC heap after
{Heap after GC invocations=53 (full 0):
 garbage-first heap   total 333824K, used 165535K [0x0000000080000000, 0x0000000100000000)
  region size 1024K, 21 young (21504K), 21 survivors (21504K)
 Metaspace       used 127984K, committed 130304K, reserved 1179648K
  class space    used 18353K, committed 19456K, reserved 1048576K
}
Event: 17.182 GC heap before
{Heap before GC invocations=53 (full 0):
 garbage-first heap   total 333824K, used 296607K [0x0000000080000000, 0x0000000100000000)
  region size 1024K, 150 young (153600K), 21 survivors (21504K)
 Metaspace       used 131113K, committed 133440K, reserved 1179648K
  class space    used 18986K, committed 20096K, reserved 1048576K
}
Event: 17.209 GC heap after
{Heap after GC invocations=54 (full 0):
 garbage-first heap   total 347136K, used 188928K [0x0000000080000000, 0x0000000100000000)
  region size 1024K, 19 young (19456K), 19 survivors (19456K)
 Metaspace       used 131113K, committed 133440K, reserved 1179648K
  class space    used 18986K, committed 20096K, reserved 1048576K
}
Event: 17.969 GC heap before
{Heap before GC invocations=54 (full 0):
 garbage-first heap   total 347136K, used 305664K [0x0000000080000000, 0x0000000100000000)
  region size 1024K, 134 young (137216K), 19 survivors (19456K)
 Metaspace       used 136749K, committed 139136K, reserved 1179648K
  class space    used 19853K, committed 20992K, reserved 1048576K
}
Event: 17.983 GC heap after
{Heap after GC invocations=55 (full 0):
 garbage-first heap   total 347136K, used 197596K [0x0000000080000000, 0x0000000100000000)
  region size 1024K, 7 young (7168K), 7 survivors (7168K)
 Metaspace       used 136749K, committed 139136K, reserved 1179648K
  class space    used 19853K, committed 20992K, reserved 1048576K
}
Event: 18.508 GC heap before
{Heap before GC invocations=56 (full 0):
 garbage-first heap   total 347136K, used 312284K [0x0000000080000000, 0x0000000100000000)
  region size 1024K, 119 young (121856K), 7 survivors (7168K)
 Metaspace       used 138030K, committed 140480K, reserved 1179648K
  class space    used 20011K, committed 21184K, reserved 1048576K
}
Event: 18.515 GC heap after
{Heap after GC invocations=57 (full 0):
 garbage-first heap   total 347136K, used 197511K [0x0000000080000000, 0x0000000100000000)
  region size 1024K, 7 young (7168K), 7 survivors (7168K)
 Metaspace       used 138030K, committed 140480K, reserved 1179648K
  class space    used 20011K, committed 21184K, reserved 1048576K
}
Event: 18.843 GC heap before
{Heap before GC invocations=57 (full 0):
 garbage-first heap   total 347136K, used 317319K [0x0000000080000000, 0x0000000100000000)
  region size 1024K, 125 young (128000K), 7 survivors (7168K)
 Metaspace       used 138786K, committed 141248K, reserved 1179648K
  class space    used 20116K, committed 21312K, reserved 1048576K
}

