# JRE version: OpenJDK Runtime Environment (21.0.10) (build 21.0.10+-14961533-b1163.108)
# Java VM: OpenJDK 64-Bit Server VM (21.0.10+-14961533-b1163.108, mixed mode, tiered, compressed oops, compressed class ptrs, g1 gc, windows-amd64)
GC Precious Log:
 CardTable entry size: 512
 Card Set container configuration: InlinePtr #cards 5 size 8 Array Of Cards #cards 12 size 40 Howl #buckets 4 coarsen threshold 1843 Howl Bitmap #cards 512 size 80 coarsen threshold 460 Card regions per heap region 1 cards per card region 2048
 CPUs: 8 total, 8 available
 Memory: 7914M
 Large Page Support: Disabled
 NUMA Support: Disabled
 Compressed Oops: Enabled (32-bit)
 Heap Region Size: 1M
 Heap Min Capacity: 8M
 Heap Initial Capacity: 124M
 Heap Max Capacity: 2G
 Pre-touch: Disabled
 Parallel Workers: 8
 Concurrent Workers: 2
 Concurrent Refinement Workers: 8
 Periodic GC: Disabled
Heap:
 garbage-first heap   total 126976K, used 88064K [0x0000000080000000, 0x0000000100000000)
  region size 1024K, 16 young (16384K), 6 survivors (6144K)
 Metaspace       used 73196K, committed 75072K, reserved 1114112K
  class space    used 10472K, committed 11392K, reserved 1048576K
GC Heap History (20 events):
Event: 9.996 GC heap before
{Heap before GC invocations=12 (full 0):
 garbage-first heap   total 89088K, used 78667K [0x0000000080000000, 0x0000000100000000)
  region size 1024K, 27 young (27648K), 4 survivors (4096K)
 Metaspace       used 44986K, committed 46272K, reserved 1114112K
  class space    used 6284K, committed 6912K, reserved 1048576K
}
Event: 10.002 GC heap after
{Heap after GC invocations=13 (full 0):
 garbage-first heap   total 89088K, used 56073K [0x0000000080000000, 0x0000000100000000)
  region size 1024K, 2 young (2048K), 2 survivors (2048K)
 Metaspace       used 44986K, committed 46272K, reserved 1114112K
  class space    used 6284K, committed 6912K, reserved 1048576K
}
Event: 13.311 GC heap before
{Heap before GC invocations=14 (full 0):
 garbage-first heap   total 96256K, used 77577K [0x0000000080000000, 0x0000000100000000)
  region size 1024K, 24 young (24576K), 2 survivors (2048K)
 Metaspace       used 48579K, committed 49856K, reserved 1114112K
  class space    used 6768K, committed 7424K, reserved 1048576K
}
Event: 13.316 GC heap after
{Heap after GC invocations=15 (full 0):
 garbage-first heap   total 115712K, used 57857K [0x0000000080000000, 0x0000000100000000)
  region size 1024K, 3 young (3072K), 3 survivors (3072K)
 Metaspace       used 48579K, committed 49856K, reserved 1114112K
  class space    used 6768K, committed 7424K, reserved 1048576K
}
Event: 14.076 GC heap before
{Heap before GC invocations=15 (full 0):
 garbage-first heap   total 115712K, used 101889K [0x0000000080000000, 0x0000000100000000)
  region size 1024K, 46 young (47104K), 3 survivors (3072K)
 Metaspace       used 54316K, committed 55936K, reserved 1114112K
  class space    used 7617K, committed 8384K, reserved 1048576K
}
Event: 14.081 GC heap after
{Heap after GC invocations=16 (full 0):
 garbage-first heap   total 115712K, used 61209K [0x0000000080000000, 0x0000000100000000)
  region size 1024K, 6 young (6144K), 6 survivors (6144K)
 Metaspace       used 54316K, committed 55936K, reserved 1114112K
  class space    used 7617K, committed 8384K, reserved 1048576K
}
Event: 14.544 GC heap before
{Heap before GC invocations=16 (full 0):
 garbage-first heap   total 115712K, used 86809K [0x0000000080000000, 0x0000000100000000)
  region size 1024K, 32 young (32768K), 6 survivors (6144K)
 Metaspace       used 57064K, committed 58560K, reserved 1114112K
  class space    used 8108K, committed 8832K, reserved 1048576K
}
Event: 14.552 GC heap after
{Heap after GC invocations=17 (full 0):
 garbage-first heap   total 115712K, used 63804K [0x0000000080000000, 0x0000000100000000)
  region size 1024K, 3 young (3072K), 3 survivors (3072K)
 Metaspace       used 57064K, committed 58560K, reserved 1114112K
  class space    used 8108K, committed 8832K, reserved 1048576K
}
Event: 15.131 GC heap before
{Heap before GC invocations=18 (full 0):
 garbage-first heap   total 115712K, used 105788K [0x0000000080000000, 0x0000000100000000)
  region size 1024K, 43 young (44032K), 3 survivors (3072K)
 Metaspace       used 58818K, committed 60544K, reserved 1114112K
  class space    used 8330K, committed 9152K, reserved 1048576K
}
Event: 15.135 GC heap after
{Heap after GC invocations=19 (full 0):
 garbage-first heap   total 115712K, used 70769K [0x0000000080000000, 0x0000000100000000)
  region size 1024K, 6 young (6144K), 6 survivors (6144K)
 Metaspace       used 58818K, committed 60544K, reserved 1114112K
  class space    used 8330K, committed 9152K, reserved 1048576K
}
Event: 15.322 GC heap before
{Heap before GC invocations=19 (full 0):
 garbage-first heap   total 115712K, used 104561K [0x0000000080000000, 0x0000000100000000)
  region size 1024K, 39 young (39936K), 6 survivors (6144K)
 Metaspace       used 59066K, committed 60800K, reserved 1114112K
  class space    used 8368K, committed 9216K, reserved 1048576K
}
Event: 15.329 GC heap after
{Heap after GC invocations=20 (full 0):
 garbage-first heap   total 115712K, used 71610K [0x0000000080000000, 0x0000000100000000)
  region size 1024K, 1 young (1024K), 1 survivors (1024K)
 Metaspace       used 59066K, committed 60800K, reserved 1114112K
  class space    used 8368K, committed 9216K, reserved 1048576K
}
Event: 15.989 GC heap before
{Heap before GC invocations=20 (full 0):
 garbage-first heap   total 115712K, used 106426K [0x0000000080000000, 0x0000000100000000)
  region size 1024K, 35 young (35840K), 1 survivors (1024K)
 Metaspace       used 62885K, committed 64640K, reserved 1114112K
  class space    used 8961K, committed 9792K, reserved 1048576K
}
Event: 15.993 GC heap after
{Heap after GC invocations=21 (full 0):
 garbage-first heap   total 115712K, used 72830K [0x0000000080000000, 0x0000000100000000)
  region size 1024K, 3 young (3072K), 3 survivors (3072K)
 Metaspace       used 62885K, committed 64640K, reserved 1114112K
  class space    used 8961K, committed 9792K, reserved 1048576K
}
Event: 16.533 GC heap before
{Heap before GC invocations=22 (full 0):
 garbage-first heap   total 122880K, used 106622K [0x0000000080000000, 0x0000000100000000)
  region size 1024K, 36 young (36864K), 3 survivors (3072K)
 Metaspace       used 67692K, committed 69504K, reserved 1114112K
  class space    used 9649K, committed 10496K, reserved 1048576K
}
Event: 16.537 GC heap after
{Heap after GC invocations=23 (full 0):
 garbage-first heap   total 122880K, used 74543K [0x0000000080000000, 0x0000000100000000)
  region size 1024K, 4 young (4096K), 4 survivors (4096K)
 Metaspace       used 67692K, committed 69504K, reserved 1114112K
  class space    used 9649K, committed 10496K, reserved 1048576K
}
Event: 17.242 GC heap before
{Heap before GC invocations=23 (full 0):
 garbage-first heap   total 122880K, used 114479K [0x0000000080000000, 0x0000000100000000)
  region size 1024K, 43 young (44032K), 4 survivors (4096K)
 Metaspace       used 71931K, committed 73856K, reserved 1114112K
  class space    used 10341K, committed 11264K, reserved 1048576K
}
Event: 17.249 GC heap after
{Heap after GC invocations=24 (full 0):
 garbage-first heap   total 122880K, used 75887K [0x0000000080000000, 0x0000000100000000)
  region size 1024K, 6 young (6144K), 6 survivors (6144K)
 Metaspace       used 71931K, committed 73856K, reserved 1114112K
  class space    used 10341K, committed 11264K, reserved 1048576K
}
Event: 18.186 GC heap before
{Heap before GC invocations=24 (full 0):
 garbage-first heap   total 122880K, used 112751K [0x0000000080000000, 0x0000000100000000)
  region size 1024K, 43 young (44032K), 6 survivors (6144K)
 Metaspace       used 73148K, committed 75072K, reserved 1114112K
  class space    used 10472K, committed 11392K, reserved 1048576K
}
Event: 18.193 GC heap after
{Heap after GC invocations=25 (full 0):
 garbage-first heap   total 123904K, used 79872K [0x0000000080000000, 0x0000000100000000)
  region size 1024K, 6 young (6144K), 6 survivors (6144K)
 Metaspace       used 73148K, committed 75072K, reserved 1114112K
  class space    used 10472K, committed 11392K, reserved 1048576K
}

